<?xml version="1.0" encoding="UTF-8"?>
<robot generator="Robot 7.0 (Python 3.10.4 on linux)" generated="2024-04-12T09:20:11.188794" rpa="false" schemaversion="5">
<suite id="s1" name="Example" source="/root/ai/robot-framework/example.robot">
<test id="s1-t1" name="Example Test Case" line="2">
<kw name="Log" owner="BuiltIn">
<msg time="2024-04-12T09:20:11.206057" level="INFO">Hello, Robot Framework!</msg>
<arg>Hello, Robot Framework!</arg>
<doc>Logs the given message with the given level.</doc>
<status status="PASS" start="2024-04-12T09:20:11.205928" elapsed="0.000176"/>
</kw>
<status status="PASS" start="2024-04-12T09:20:11.205399" elapsed="0.000834"/>
</test>
<status status="PASS" start="2024-04-12T09:20:11.189537" elapsed="0.017009"/>
</suite>
<statistics>
<total>
<stat pass="1" fail="0" skip="0">All Tests</stat>
</total>
<tag>
</tag>
<suite>
<stat pass="1" fail="0" skip="0" id="s1" name="Example">Example</stat>
</suite>
</statistics>
<errors>
</errors>
</robot>
